15:51:11 1 336265456 4227733 40258296166 14928596
15:51:24 2 339907437 4282946 40968279132 15182259
15:51:38 3 343767372 4341489 41536575560 15390946
15:51:54 4 346704493 4386484 41855227912 15511665
15:52:11 5 349801795 4433191 42171189179 15634691
15:52:30 6 352869680 4480461 42493177035 15758387
15:52:50 7 356154325 4529204 42830227743 15886607
15:53:12 8 359024293 4573818 43099775176 15992465
15:53:35 9 361973827 4617522 43361898166 16097768
15:54:01 10 364891726 4661360 43613337667 16198164
15:54:27 11 367603218 4702903 43846581465 16293054
15:54:56 12 370001722 4738896 44043939652 16374727
15:55:27 13 372447843 4776223 44238857638 16453717
15:56:00 14 374743824 4811161 44421225425 16529735
15:56:36 15 377047362 4845824 44592834819 16602161
15:57:16 16 379343917 4880414 44769789204 16674590
15:57:57 17 381589609 4914987 44938047021 16744591
15:58:41 18 383861278 4948847 45102872412 16814668
15:59:27 19 386385518 4987709 45295189425 16894742
16:00:20 20 388765088 5023664 45469602115 16967726
16:01:20 21 391459777 5063888 45664997656 17050325
16:02:22 22 393843578 5099891 45828695682 17120509
16:03:30 23 396119671 5134592 45983772922 17186572
16:04:45 24 398386635 5168310 46133147304 17250341
16:06:03 25 400771316 5204277 46294640917 17318919
16:08:35 26 411962098 5373020 47564568354 17794664
